[page.auctions.yahoo.co.jp/jp/auction/q366307810.html]
[page.auctions.yahoo.co.jp/jp/auction/h479990775.html]
[page.auctions.yahoo.co.jp/jp/auction/d441765751.html]
[page.auctions.yahoo.co.jp/jp/auction/h479811550.html]
[page.auctions.yahoo.co.jp/jp/auction/q372141298.html]
[page.auctions.yahoo.co.jp/jp/auction/x703676361.html]
[page.auctions.yahoo.co.jp/jp/auction/k472462202.html]
[page.auctions.yahoo.co.jp/jp/auction/j650969615.html]
[page.auctions.yahoo.co.jp/jp/auction/s743173211.html]
[page.auctions.yahoo.co.jp/jp/auction/b472305270.html]
[page.auctions.yahoo.co.jp/jp/auction/d445182034.html]
[page.auctions.yahoo.co.jp/jp/auction/k446063921.html]
[page.auctions.yahoo.co.jp/jp/auction/w391362696.html]
[page.auctions.yahoo.co.jp/jp/auction/v722675860.html]
[page.auctions.yahoo.co.jp/jp/auction/w392063112.html]
[page.auctions.yahoo.co.jp/jp/auction/l604843005.html]
[page.auctions.yahoo.co.jp/jp/auction/h478289800.html]
[page.auctions.yahoo.co.jp/jp/auction/n428333173.html]
[backblue.gif]
[fade.gif]
[index.html]
[auctions.c.yimg.jp/images.auctions.yahoo.co.jp/image/dr000/auc0105/users/5/6/6/7/kouyend-img480x640-1589213767d4b7h416253.jpg]
[auctions.c.yimg.jp/images.auctions.yahoo.co.jp/image/dr000/auc0105/users/5/6/6/7/kouyend-img801x1200-1589213767fzytfz16253.jpg]
[auctions.c.yimg.jp/images.auctions.yahoo.co.jp/image/dr000/auc0105/users/5/6/6/7/kouyend-img801x1200-1589213767jbcr7316253.jpg]
[auctions.c.yimg.jp/images.auctions.yahoo.co.jp/image/dr000/auc0105/users/5/6/6/7/kouyend-img801x1200-1589213767fl7ax416253.jpg]
[auctions.c.yimg.jp/images.auctions.yahoo.co.jp/image/dr000/auc0105/users/5/6/6/7/kouyend-img797x1200-1589213767yxsjdx16253.jpg]
[auctions.c.yimg.jp/images.auctions.yahoo.co.jp/image/dr000/auc0105/users/5/6/6/7/kouyend-img797x1200-1589213767ellvuv16253.jpg]
[auctions.c.yimg.jp/images.auctions.yahoo.co.jp/image/dr000/auc0105/users/5/6/6/7/kouyend-img797x1200-1589213767y0pirj16253.jpg]
[auctions.c.yimg.jp/images.auctions.yahoo.co.jp/image/dr000/auc0105/users/5/6/6/7/kouyend-img797x1200-1589213767pimpko16253.jpg]
[auctions.c.yimg.jp/images.auctions.yahoo.co.jp/image/dr000/auc0105/users/5/6/6/7/kouyend-img797x1200-1589213767yqyasg16253.jpg]
[auctions.c.yimg.jp/images.auctions.yahoo.co.jp/image/dr000/auc0105/users/5/6/6/7/kouyend-img480x640-1589213767ak0wrj16253.jpg]
[page.auctions.yahoo.co.jp/jp/auction/q366307810.html]
[page.auctions.yahoo.co.jp/jp/auction/h479990775.html]
[page.auctions.yahoo.co.jp/jp/auction/d441765751.html]
[auctions.c.yimg.jp/images.auctions.yahoo.co.jp/image/dr000/auc0106/users/361488b745e43bb44b6c88379ad70d962de3d456/i-img675x1200-1591334278jdj]
[auctions.c.yimg.jp/images.auctions.yahoo.co.jp/image/dr000/auc0106/users/361488b745e43bb44b6c88379ad70d962de3d456/i-img675x1200-15913342785or]
[auctions.c.yimg.jp/images.auctions.yahoo.co.jp/image/dr000/auc0105/users/e894147fb26d7386f2d1e23a3e27af7518af94d5/i-img900x1200-1588990555hdu]
[auctions.c.yimg.jp/images.auctions.yahoo.co.jp/image/dr000/auc0105/users/e894147fb26d7386f2d1e23a3e27af7518af94d5/i-img900x1200-1588990555bhz]
[page.auctions.yahoo.co.jp/jp/auction/h479811550.html]
[auctions.c.yimg.jp/images.auctions.yahoo.co.jp/image/dr000/auc0105/users/e894147fb26d7386f2d1e23a3e27af7518af94d5/i-img900x1200-1588990555r1f]
[auctions.c.yimg.jp/images.auctions.yahoo.co.jp/image/dr000/auc0105/users/e894147fb26d7386f2d1e23a3e27af7518af94d5/i-img900x1200-1588990555tjh]
[auctions.c.yimg.jp/images.auctions.yahoo.co.jp/image/dr000/auc0105/users/e894147fb26d7386f2d1e23a3e27af7518af94d5/i-img900x1200-1588990555lka]
[auctions.c.yimg.jp/images.auctions.yahoo.co.jp/image/dr000/auc0105/users/e894147fb26d7386f2d1e23a3e27af7518af94d5/i-img900x1200-1588990555hhi]
[auctions.c.yimg.jp/images.auctions.yahoo.co.jp/image/dr000/auc0105/users/e894147fb26d7386f2d1e23a3e27af7518af94d5/i-img900x1200-1588990556bgs]
[page.auctions.yahoo.co.jp/jp/auction/q372141298.html]
[auctions.c.yimg.jp/images.auctions.yahoo.co.jp/image/dr000/auc0105/users/e894147fb26d7386f2d1e23a3e27af7518af94d5/i-img900x1200-1588990556bxy]
[auctions.c.yimg.jp/images.auctions.yahoo.co.jp/image/dr000/auc0105/users/e894147fb26d7386f2d1e23a3e27af7518af94d5/i-img900x1200-1588990556ba1]
[auctions.c.yimg.jp/images.auctions.yahoo.co.jp/image/dr000/auc0105/users/e894147fb26d7386f2d1e23a3e27af7518af94d5/i-img900x1200-15889905565p3]
[page.auctions.yahoo.co.jp/jp/auction/x703676361.html]
[auctions.c.yimg.jp/images.auctions.yahoo.co.jp/image/dr000/auc0106/users/89c9bdd00f0f1048e5f86e7ef013d17f7a95733d/i-img900x1200-1591154107ck3]
[auctions.c.yimg.jp/images.auctions.yahoo.co.jp/image/dr000/auc0106/users/89c9bdd00f0f1048e5f86e7ef013d17f7a95733d/i-img900x1200-1591154101ikh]
[page.auctions.yahoo.co.jp/jp/auction/k472462202.html]
[auctions.c.yimg.jp/images.auctions.yahoo.co.jp/image/dr000/auc0106/users/89c9bdd00f0f1048e5f86e7ef013d17f7a95733d/i-img900x1200-1591154107qig]
[auctions.c.yimg.jp/images.auctions.yahoo.co.jp/image/dr000/auc0106/users/89c9bdd00f0f1048e5f86e7ef013d17f7a95733d/i-img900x1200-1591175644wuf]
[page.auctions.yahoo.co.jp/jp/auction/j650969615.html]
[auctions.c.yimg.jp/images.auctions.yahoo.co.jp/image/dr000/auc0106/users/89c9bdd00f0f1048e5f86e7ef013d17f7a95733d/i-img900x1200-1591175645vno]
[auctions.c.yimg.jp/images.auctions.yahoo.co.jp/image/dr000/auc0106/users/b182d7d99abf1cfbf8edcbc6f8c73384d9da3dd4/i-img738x738-15909788349bkq]
[auctions.c.yimg.jp/images.auctions.yahoo.co.jp/image/dr000/auc0106/users/b182d7d99abf1cfbf8edcbc6f8c73384d9da3dd4/i-img738x738-1590978834fchg]
[auctions.c.yimg.jp/images.auctions.yahoo.co.jp/image/dr000/auc0106/users/b182d7d99abf1cfbf8edcbc6f8c73384d9da3dd4/i-img738x738-1590978834yjia]
[page.auctions.yahoo.co.jp/jp/auction/s743173211.html]
[page.auctions.yahoo.co.jp/jp/auction/b472305270.html]
[auctions.c.yimg.jp/images.auctions.yahoo.co.jp/image/dr000/auc0106/users/b182d7d99abf1cfbf8edcbc6f8c73384d9da3dd4/i-img738x738-1590978834q3j8]
[auctions.c.yimg.jp/images.auctions.yahoo.co.jp/image/dr000/auc0105/users/cf95cf306013234d067d64b690c3950b4e29a1e0/i-img898x1198-1590492142r7v]
[page.auctions.yahoo.co.jp/jp/auction/d445182034.html]
[page.auctions.yahoo.co.jp/jp/auction/k446063921.html]
[auctions.c.yimg.jp/images.auctions.yahoo.co.jp/image/dr000/auc0103/users/6822f528c39cc90b71c01935b50ddc2e84542ab5/i-img675x1200-1583320669ugh]
[auctions.c.yimg.jp/images.auctions.yahoo.co.jp/image/dr000/auc0103/users/6822f528c39cc90b71c01935b50ddc2e84542ab5/i-img1072x1072-1583320669l1]
[page.auctions.yahoo.co.jp/jp/auction/w391362696.html]
[auctions.c.yimg.jp/images.auctions.yahoo.co.jp/image/dr000/auc0105/users/6dbec13e550a3e53dd16316d855f503cf6cd3449/i-img1200x1200-1590512233pl]
[page.auctions.yahoo.co.jp/jp/auction/v722675860.html]
[page.auctions.yahoo.co.jp/jp/auction/w392063112.html]
[auctions.c.yimg.jp/images.auctions.yahoo.co.jp/image/dr000/auc0105/users/af76e8ae1797ee4578985bacafdf1f048d05feca/i-img898x1198-1590701025mio]
[page.auctions.yahoo.co.jp/jp/auction/l604843005.html]
[page.auctions.yahoo.co.jp/jp/auction/h478289800.html]
[auctions.c.yimg.jp/images.auctions.yahoo.co.jp/image/dr000/auc0105/users/af76e8ae1797ee4578985bacafdf1f048d05feca/i-img898x1198-1590707819d58]
[auctions.c.yimg.jp/images.auctions.yahoo.co.jp/image/dr000/auc0105/users/af76e8ae1797ee4578985bacafdf1f048d05feca/i-img898x1198-1590716750v8h]
[page.auctions.yahoo.co.jp/jp/auction/n428333173.html]
[auctions.c.yimg.jp/images.auctions.yahoo.co.jp/image/dr000/auc0105/users/70b6655469366c22d794c676dee1263ee823c130/i-img898x1198-1590466260a7x]
