[1112/170157.255:ERROR:file_io.cc(89)] ReadExactly: expected 36, observed 0
[0218/185511.352:ERROR:file_io.cc(89)] ReadExactly: expected 36, observed 0
[1106/171337.946:ERROR:process_info.cc(359)] UncheckedAllocate
[1106/171338.353:ERROR:process_memory_win.cc(73)] ReadMemory at 0xfc809fd of 512 bytes failed: Error (0x3E9) while retrieving error. (0x12B)
[1106/171338.354:ERROR:process_memory_win.cc(73)] ReadMemory at 0xfc811b7 of 942 bytes failed: Error (0x3AFC) while retrieving error. (0x12B)
[1106/171338.498:ERROR:process_memory_win.cc(73)] ReadMemory at 0x1004425f of 512 bytes failed: ReadProcessMemory 要求または WriteProcessMemory 要求の一部だけを完了しました。 (0x12B)
[1110/202927.079:ERROR:process_info.cc(359)] UncheckedAllocate
[1229/023911.526:ERROR:process_info.cc(359)] UncheckedAllocate
[1229/023915.130:ERROR:process_info.cc(359)] UncheckedAllocate
[0108/200904.232:ERROR:file_io.cc(90)] ReadExactly: expected 36, observed 0
[0128/191526.884:ERROR:directory_reader_win.cc(43)] FindFirstFile: 指定されたパスが見つかりません。 (0x3)
[0129/144550.256:ERROR:directory_reader_win.cc(43)] FindFirstFile: 指定されたパスが見つかりません。 (0x3)
[0202/193754.327:ERROR:directory_reader_win.cc(43)] FindFirstFile: 指定されたパスが見つかりません。 (0x3)
[0206/172439.316:ERROR:directory_reader_win.cc(43)] FindFirstFile: 指定されたパスが見つかりません。 (0x3)
[0208/121712.644:ERROR:directory_reader_win.cc(43)] FindFirstFile: 指定されたパスが見つかりません。 (0x3)
[0211/133239.823:ERROR:directory_reader_win.cc(43)] FindFirstFile: 指定されたパスが見つかりません。 (0x3)
[0213/020831.173:ERROR:directory_reader_win.cc(43)] FindFirstFile: 指定されたパスが見つかりません。 (0x3)
[0221/084249.541:ERROR:directory_reader_win.cc(43)] FindFirstFile: 指定されたパスが見つかりません。 (0x3)
[0225/174059.561:ERROR:directory_reader_win.cc(43)] FindFirstFile: 指定されたパスが見つかりません。 (0x3)
[0301/191013.214:ERROR:directory_reader_win.cc(43)] FindFirstFile: 指定されたパスが見つかりません。 (0x3)
[0303/214502.060:ERROR:directory_reader_win.cc(43)] FindFirstFile: 指定されたパスが見つかりません。 (0x3)
[0420/182156.247:ERROR:directory_reader_win.cc(43)] FindFirstFile: 指定されたパスが見つかりません。 (0x3)
[0422/175404.757:ERROR:directory_reader_win.cc(43)] FindFirstFile: 指定されたパスが見つかりません。 (0x3)
[0424/193054.321:ERROR:directory_reader_win.cc(43)] FindFirstFile: 指定されたパスが見つかりません。 (0x3)
[0426/213450.598:ERROR:directory_reader_win.cc(43)] FindFirstFile: 指定されたパスが見つかりません。 (0x3)
[0429/182935.702:ERROR:directory_reader_win.cc(43)] FindFirstFile: 指定されたパスが見つかりません。 (0x3)
[0504/220146.865:ERROR:directory_reader_win.cc(43)] FindFirstFile: 指定されたパスが見つかりません。 (0x3)
