[2021-05-02 18:38:48,016]-[DEBUG]-[my_function.py]-[line:468]
------------------------------------------------------------
[2021-05-02 18:38:48,016]-[INFO]-[予約日時取得・予約_ヘッドレス_v2.py]-[line:50]
ブラウザを起動します。
[2021-05-02 18:38:53,651]-[INFO]-[予約日時取得・予約_ヘッドレス_v2.py]-[line:72]
ブラウザの起動が完了したため、Herokuサイトより情報を取得します。
[2021-05-02 18:38:56,950]-[DEBUG]-[予約日時取得・予約_ヘッドレス_v2.py]-[line:79]
ID入力
[2021-05-02 18:38:56,950]-[DEBUG]-[予約日時取得・予約_ヘッドレス_v2.py]-[line:80]
heroku_id：Nnp4It3q6A
[2021-05-02 18:38:56,990]-[DEBUG]-[予約日時取得・予約_ヘッドレス_v2.py]-[line:82]
PASS入力
[2021-05-02 18:38:56,990]-[DEBUG]-[予約日時取得・予約_ヘッドレス_v2.py]-[line:83]
heroku_pass：n2Q8rhK49d
[2021-05-02 18:39:01,241]-[DEBUG]-[予約日時取得・予約_ヘッドレス_v2.py]-[line:85]
submit
[2021-05-02 18:39:01,309]-[INFO]-[予約日時取得・予約_ヘッドレス_v2.py]-[line:91]
予約内容：['柏の宮公園庭球場', '人工芝庭球場Ｄ面', '5月22日(土)', '11時00分〜13時00分', '5月2日(日)']
[2021-05-02 18:39:01,309]-[DEBUG]-[予約日時取得・予約_ヘッドレス_v2.py]-[line:103]
置換した日程：5月22日
[2021-05-02 18:39:01,309]-[DEBUG]-[予約日時取得・予約_ヘッドレス_v2.py]-[line:105]
置換した時間：11：00〜13：00
[2021-05-02 18:39:01,785]-[DEBUG]-[予約日時取得・予約_ヘッドレス_v2.py]-[line:111]
Herokuサイトから取得したさざんかねっとID：31273596
[2021-05-02 18:39:01,789]-[DEBUG]-[予約日時取得・予約_ヘッドレス_v2.py]-[line:113]
Herokuサイトから取得したさざんかねっとPASS：0727
[2021-05-02 18:39:01,789]-[INFO]-[予約日時取得・予約_ヘッドレス_v2.py]-[line:115]
Herokuサイトからの情報取得が完了したため、8時29分まで待機します。
[2021-05-02 18:39:52,297]-[DEBUG]-[my_function.py]-[line:468]
------------------------------------------------------------
[2021-05-02 18:39:52,297]-[INFO]-[予約日時取得・予約_ヘッドレス_v2.py]-[line:50]
ブラウザを起動します。
[2021-05-02 18:39:54,623]-[INFO]-[予約日時取得・予約_ヘッドレス_v2.py]-[line:72]
ブラウザの起動が完了したため、Herokuサイトより情報を取得します。
[2021-05-02 18:39:57,057]-[DEBUG]-[予約日時取得・予約_ヘッドレス_v2.py]-[line:79]
ID入力
[2021-05-02 18:39:57,057]-[DEBUG]-[予約日時取得・予約_ヘッドレス_v2.py]-[line:80]
heroku_id：Nnp4It3q6A
[2021-05-02 18:39:57,081]-[DEBUG]-[予約日時取得・予約_ヘッドレス_v2.py]-[line:82]
PASS入力
[2021-05-02 18:39:57,081]-[DEBUG]-[予約日時取得・予約_ヘッドレス_v2.py]-[line:83]
heroku_pass：n2Q8rhK49d
[2021-05-02 18:39:59,247]-[DEBUG]-[予約日時取得・予約_ヘッドレス_v2.py]-[line:85]
submit
[2021-05-02 18:39:59,311]-[INFO]-[予約日時取得・予約_ヘッドレス_v2.py]-[line:91]
予約内容：['柏の宮公園庭球場', '人工芝庭球場Ｄ面', '5月22日(土)', '11時00分〜13時00分', '5月2日(日)']
[2021-05-02 18:39:59,311]-[DEBUG]-[予約日時取得・予約_ヘッドレス_v2.py]-[line:103]
置換した日程：5月22日
[2021-05-02 18:39:59,327]-[DEBUG]-[予約日時取得・予約_ヘッドレス_v2.py]-[line:105]
置換した時間：11：00〜13：00
[2021-05-02 18:40:00,395]-[DEBUG]-[予約日時取得・予約_ヘッドレス_v2.py]-[line:111]
Herokuサイトから取得したさざんかねっとID：31273596
[2021-05-02 18:40:00,411]-[DEBUG]-[予約日時取得・予約_ヘッドレス_v2.py]-[line:113]
Herokuサイトから取得したさざんかねっとPASS：0727
[2021-05-02 18:40:00,411]-[INFO]-[予約日時取得・予約_ヘッドレス_v2.py]-[line:115]
Herokuサイトからの情報取得が完了したため、8時29分まで待機します。
[2021-05-02 18:41:02,589]-[DEBUG]-[my_function.py]-[line:468]
------------------------------------------------------------
[2021-05-02 18:41:02,589]-[INFO]-[予約日時取得・予約_ヘッドレス_v2.py]-[line:50]
ブラウザを起動します。
[2021-05-02 18:41:04,929]-[INFO]-[予約日時取得・予約_ヘッドレス_v2.py]-[line:72]
ブラウザの起動が完了したため、Herokuサイトより情報を取得します。
[2021-05-02 18:41:07,286]-[DEBUG]-[予約日時取得・予約_ヘッドレス_v2.py]-[line:79]
ID入力
[2021-05-02 18:41:07,286]-[DEBUG]-[予約日時取得・予約_ヘッドレス_v2.py]-[line:80]
heroku_id：Nnp4It3q6A
[2021-05-02 18:41:07,314]-[DEBUG]-[予約日時取得・予約_ヘッドレス_v2.py]-[line:82]
PASS入力
[2021-05-02 18:41:07,315]-[DEBUG]-[予約日時取得・予約_ヘッドレス_v2.py]-[line:83]
heroku_pass：n2Q8rhK49d
[2021-05-02 18:41:09,482]-[DEBUG]-[予約日時取得・予約_ヘッドレス_v2.py]-[line:85]
submit
[2021-05-02 18:41:09,534]-[INFO]-[予約日時取得・予約_ヘッドレス_v2.py]-[line:91]
予約内容：['柏の宮公園庭球場', '人工芝庭球場Ｄ面', '5月22日(土)', '11時00分〜13時00分', '5月2日(日)']
[2021-05-02 18:41:09,534]-[DEBUG]-[予約日時取得・予約_ヘッドレス_v2.py]-[line:103]
置換した日程：5月22日
[2021-05-02 18:41:09,550]-[DEBUG]-[予約日時取得・予約_ヘッドレス_v2.py]-[line:105]
置換した時間：11：00〜13：00
[2021-05-02 18:41:10,662]-[DEBUG]-[予約日時取得・予約_ヘッドレス_v2.py]-[line:111]
Herokuサイトから取得したさざんかねっとID：31273596
[2021-05-02 18:41:10,666]-[DEBUG]-[予約日時取得・予約_ヘッドレス_v2.py]-[line:113]
Herokuサイトから取得したさざんかねっとPASS：0727
[2021-05-02 18:41:10,666]-[INFO]-[予約日時取得・予約_ヘッドレス_v2.py]-[line:115]
Herokuサイトからの情報取得が完了したため、8時29分まで待機します。
[2021-05-06 23:41:29,533]-[DEBUG]-[my_function.py]-[line:469]
------------------------------------------------------------
[2021-05-06 23:41:29,533]-[INFO]-[予約日時取得・予約_ヘッドレス_v3.py]-[line:46]
ブラウザを起動します。
[2021-05-06 23:41:33,140]-[INFO]-[予約日時取得・予約_ヘッドレス_v3.py]-[line:68]
ブラウザの起動が完了したため、Herokuサイトより情報を取得します。
[2021-05-06 23:41:36,164]-[DEBUG]-[予約日時取得・予約_ヘッドレス_v3.py]-[line:75]
ID入力
[2021-05-06 23:41:36,164]-[DEBUG]-[予約日時取得・予約_ヘッドレス_v3.py]-[line:76]
heroku_id：Nnp4It3q6A
[2021-05-06 23:41:36,199]-[DEBUG]-[予約日時取得・予約_ヘッドレス_v3.py]-[line:78]
PASS入力
[2021-05-06 23:41:36,200]-[DEBUG]-[予約日時取得・予約_ヘッドレス_v3.py]-[line:79]
heroku_pass：n2Q8rhK49d
[2021-05-06 23:41:39,254]-[DEBUG]-[予約日時取得・予約_ヘッドレス_v3.py]-[line:81]
submit
[2021-05-06 23:41:39,322]-[INFO]-[予約日時取得・予約_ヘッドレス_v3.py]-[line:87]
予約内容：['松ノ木運動場', '人工芝庭球場２番', '5月12日(水)', '9時00分〜11時00分', '5月7日(金)']
[2021-05-06 23:41:39,322]-[DEBUG]-[予約日時取得・予約_ヘッドレス_v3.py]-[line:99]
置換した日程：5月12日
[2021-05-06 23:41:39,322]-[DEBUG]-[予約日時取得・予約_ヘッドレス_v3.py]-[line:101]
置換した時間：9：00〜11：00
[2021-05-06 23:41:39,888]-[DEBUG]-[予約日時取得・予約_ヘッドレス_v3.py]-[line:107]
Herokuサイトから取得したさざんかねっとID：31273596
[2021-05-06 23:41:39,890]-[DEBUG]-[予約日時取得・予約_ヘッドレス_v3.py]-[line:109]
Herokuサイトから取得したさざんかねっとPASS：0727
[2021-05-06 23:41:39,890]-[INFO]-[予約日時取得・予約_ヘッドレス_v3.py]-[line:111]
Herokuサイトからの情報取得が完了したため、8時29分30秒まで待機します。
[2021-05-06 23:41:39,890]-[INFO]-[予約日時取得・予約_ヘッドレス_v3.py]-[line:119]
8時29分30秒になったため、事前手続きを開始します。
[2021-05-06 23:41:40,748]-[DEBUG]-[予約日時取得・予約_ヘッドレス_v3.py]-[line:125]
施設空き状況
[2021-05-06 23:41:40,989]-[DEBUG]-[予約日時取得・予約_ヘッドレス_v3.py]-[line:127]
利用目的から選ぶ
[2021-05-06 23:41:41,536]-[DEBUG]-[予約日時取得・予約_ヘッドレス_v3.py]-[line:129]
利用目的名から選択
[2021-05-06 23:41:41,771]-[DEBUG]-[予約日時取得・予約_ヘッドレス_v3.py]-[line:132]
屋外テニス系
[2021-05-06 23:41:42,010]-[DEBUG]-[予約日時取得・予約_ヘッドレス_v3.py]-[line:134]
submit
[2021-05-06 23:41:42,135]-[DEBUG]-[予約日時取得・予約_ヘッドレス_v3.py]-[line:136]
テニス（硬式）
[2021-05-06 23:41:42,363]-[DEBUG]-[予約日時取得・予約_ヘッドレス_v3.py]-[line:138]
submit
[2021-05-06 23:41:42,488]-[DEBUG]-[予約日時取得・予約_ヘッドレス_v3.py]-[line:140]
すべての地域
[2021-05-06 23:41:42,802]-[DEBUG]-[予約日時取得・予約_ヘッドレス_v3.py]-[line:142]
submit
[2021-05-06 23:41:43,035]-[DEBUG]-[予約日時取得・予約_ヘッドレス_v3.py]-[line:144]
松ノ木運動場
[2021-05-06 23:41:44,027]-[DEBUG]-[予約日時取得・予約_ヘッドレス_v3.py]-[line:146]
人工芝庭球場
[2021-05-06 23:41:44,499]-[INFO]-[予約日時取得・予約_ヘッドレス_v3.py]-[line:170]
予約希望日が見つかりました。
[2021-05-06 23:41:44,523]-[INFO]-[予約日時取得・予約_ヘッドレス_v3.py]-[line:186]
ページ内の空き枠情報
['5月9日', '×××××××', '5月10日', '×××××××', '5月11日', '×××××××', '5月12日', '××■×××××', '5月13日', '×××××××', '5月14日', '××■×■××××', '5月15日', '×××××××']
[2021-05-06 23:41:44,523]-[INFO]-[予約日時取得・予約_ヘッドレス_v3.py]-[line:188]
予約希望日の空き枠情報：5月12日××■×××××
[2021-05-06 23:41:44,523]-[WARNING]-[予約日時取得・予約_ヘッドレス_v3.py]-[line:192]
事前手続き時点で既に枠が全て埋まっているため、手続きを終了します。
[2021-05-06 23:41:44,523]-[INFO]-[予約日時取得・予約_ヘッドレス_v3.py]-[line:274]
ブラウザを閉じます。
[2021-05-06 23:42:33,130]-[DEBUG]-[my_function.py]-[line:469]
------------------------------------------------------------
[2021-05-06 23:42:33,130]-[INFO]-[予約日時取得・予約_ヘッドレス_v3.py]-[line:46]
ブラウザを起動します。
[2021-05-06 23:42:36,942]-[INFO]-[予約日時取得・予約_ヘッドレス_v3.py]-[line:68]
ブラウザの起動が完了したため、Herokuサイトより情報を取得します。
[2021-05-06 23:42:38,984]-[DEBUG]-[予約日時取得・予約_ヘッドレス_v3.py]-[line:75]
ID入力
[2021-05-06 23:42:38,984]-[DEBUG]-[予約日時取得・予約_ヘッドレス_v3.py]-[line:76]
heroku_id：Nnp4It3q6A
[2021-05-06 23:42:39,001]-[DEBUG]-[予約日時取得・予約_ヘッドレス_v3.py]-[line:78]
PASS入力
[2021-05-06 23:42:39,002]-[DEBUG]-[予約日時取得・予約_ヘッドレス_v3.py]-[line:79]
heroku_pass：n2Q8rhK49d
[2021-05-06 23:42:40,850]-[DEBUG]-[予約日時取得・予約_ヘッドレス_v3.py]-[line:81]
submit
[2021-05-06 23:42:40,916]-[INFO]-[予約日時取得・予約_ヘッドレス_v3.py]-[line:87]
予約内容：['松ノ木運動場', '人工芝庭球場２番', '5月12日(水)', '9時00分〜11時00分', '5月7日(金)']
[2021-05-06 23:42:40,916]-[DEBUG]-[予約日時取得・予約_ヘッドレス_v3.py]-[line:99]
置換した日程：5月12日
[2021-05-06 23:42:40,916]-[DEBUG]-[予約日時取得・予約_ヘッドレス_v3.py]-[line:101]
置換した時間：9：00〜11：00
[2021-05-06 23:42:41,420]-[DEBUG]-[予約日時取得・予約_ヘッドレス_v3.py]-[line:107]
Herokuサイトから取得したさざんかねっとID：31273596
[2021-05-06 23:42:41,420]-[DEBUG]-[予約日時取得・予約_ヘッドレス_v3.py]-[line:109]
Herokuサイトから取得したさざんかねっとPASS：0727
[2021-05-06 23:42:41,420]-[INFO]-[予約日時取得・予約_ヘッドレス_v3.py]-[line:111]
Herokuサイトからの情報取得が完了したため、8時29分30秒まで待機します。
[2021-05-06 23:42:41,420]-[INFO]-[予約日時取得・予約_ヘッドレス_v3.py]-[line:119]
8時29分30秒になったため、事前手続きを開始します。
[2021-05-06 23:42:42,918]-[DEBUG]-[予約日時取得・予約_ヘッドレス_v3.py]-[line:125]
施設空き状況
[2021-05-06 23:42:43,116]-[DEBUG]-[予約日時取得・予約_ヘッドレス_v3.py]-[line:127]
利用目的から選ぶ
[2021-05-06 23:42:43,647]-[DEBUG]-[予約日時取得・予約_ヘッドレス_v3.py]-[line:129]
利用目的名から選択
[2021-05-06 23:42:43,878]-[DEBUG]-[予約日時取得・予約_ヘッドレス_v3.py]-[line:132]
屋外テニス系
[2021-05-06 23:42:44,116]-[DEBUG]-[予約日時取得・予約_ヘッドレス_v3.py]-[line:134]
submit
[2021-05-06 23:42:44,234]-[DEBUG]-[予約日時取得・予約_ヘッドレス_v3.py]-[line:136]
テニス（硬式）
[2021-05-06 23:42:44,469]-[DEBUG]-[予約日時取得・予約_ヘッドレス_v3.py]-[line:138]
submit
[2021-05-06 23:42:44,584]-[DEBUG]-[予約日時取得・予約_ヘッドレス_v3.py]-[line:140]
すべての地域
[2021-05-06 23:42:44,876]-[DEBUG]-[予約日時取得・予約_ヘッドレス_v3.py]-[line:142]
submit
[2021-05-06 23:42:45,237]-[DEBUG]-[予約日時取得・予約_ヘッドレス_v3.py]-[line:144]
松ノ木運動場
[2021-05-06 23:42:45,659]-[DEBUG]-[予約日時取得・予約_ヘッドレス_v3.py]-[line:146]
人工芝庭球場
[2021-05-06 23:42:46,122]-[INFO]-[予約日時取得・予約_ヘッドレス_v3.py]-[line:170]
予約希望日が見つかりました。
[2021-05-06 23:42:46,168]-[DEBUG]-[予約日時取得・予約_ヘッドレス_v3.py]-[line:186]
ページ内の空き枠情報
['5月9日', '×××××××', '5月10日', '×××××××', '5月11日', '×××××××', '5月12日', '××■×××××', '5月13日', '×××××××', '5月14日', '××■×■××××', '5月15日', '×××××××']
[2021-05-06 23:42:46,168]-[INFO]-[予約日時取得・予約_ヘッドレス_v3.py]-[line:188]
予約希望日の空き枠情報：5月12日××■×××××
[2021-05-06 23:42:46,168]-[WARNING]-[予約日時取得・予約_ヘッドレス_v3.py]-[line:192]
事前手続き時点で既に枠が全て埋まっているため、手続きを終了します。
[2021-05-06 23:42:46,168]-[INFO]-[予約日時取得・予約_ヘッドレス_v3.py]-[line:274]
ブラウザを閉じます。
[2021-05-06 23:45:48,727]-[DEBUG]-[my_function.py]-[line:469]
------------------------------------------------------------
[2021-05-06 23:45:48,727]-[INFO]-[予約日時取得・予約_ヘッドレス_v3.py]-[line:46]
ブラウザを起動します。
[2021-05-06 23:45:50,837]-[INFO]-[予約日時取得・予約_ヘッドレス_v3.py]-[line:68]
ブラウザの起動が完了したため、Herokuサイトより情報を取得します。
[2021-05-06 23:45:53,311]-[DEBUG]-[予約日時取得・予約_ヘッドレス_v3.py]-[line:75]
ID入力
[2021-05-06 23:45:53,312]-[DEBUG]-[予約日時取得・予約_ヘッドレス_v3.py]-[line:76]
heroku_id：Nnp4It3q6A
[2021-05-06 23:45:53,333]-[DEBUG]-[予約日時取得・予約_ヘッドレス_v3.py]-[line:78]
PASS入力
[2021-05-06 23:45:53,334]-[DEBUG]-[予約日時取得・予約_ヘッドレス_v3.py]-[line:79]
heroku_pass：n2Q8rhK49d
[2021-05-06 23:45:55,173]-[DEBUG]-[予約日時取得・予約_ヘッドレス_v3.py]-[line:81]
submit
[2021-05-06 23:45:55,239]-[INFO]-[予約日時取得・予約_ヘッドレス_v3.py]-[line:87]
予約内容：['松ノ木運動場', '人工芝庭球場２番', '5月12日(水)', '9時00分〜11時00分', '5月7日(金)']
[2021-05-06 23:45:55,239]-[DEBUG]-[予約日時取得・予約_ヘッドレス_v3.py]-[line:99]
置換した日程：6月8日
[2021-05-06 23:45:55,239]-[DEBUG]-[予約日時取得・予約_ヘッドレス_v3.py]-[line:101]
置換した時間：6：00〜8：00
[2021-05-06 23:45:56,333]-[DEBUG]-[予約日時取得・予約_ヘッドレス_v3.py]-[line:107]
Herokuサイトから取得したさざんかねっとID：31273596
[2021-05-06 23:45:56,337]-[DEBUG]-[予約日時取得・予約_ヘッドレス_v3.py]-[line:109]
Herokuサイトから取得したさざんかねっとPASS：0727
[2021-05-06 23:45:56,337]-[INFO]-[予約日時取得・予約_ヘッドレス_v3.py]-[line:111]
Herokuサイトからの情報取得が完了したため、8時29分30秒まで待機します。
[2021-05-06 23:45:56,337]-[INFO]-[予約日時取得・予約_ヘッドレス_v3.py]-[line:119]
8時29分30秒になったため、事前手続きを開始します。
[2021-05-06 23:45:57,141]-[DEBUG]-[予約日時取得・予約_ヘッドレス_v3.py]-[line:125]
施設空き状況
[2021-05-06 23:45:57,362]-[DEBUG]-[予約日時取得・予約_ヘッドレス_v3.py]-[line:127]
利用目的から選ぶ
[2021-05-06 23:45:57,891]-[DEBUG]-[予約日時取得・予約_ヘッドレス_v3.py]-[line:129]
利用目的名から選択
[2021-05-06 23:45:58,102]-[DEBUG]-[予約日時取得・予約_ヘッドレス_v3.py]-[line:132]
屋外テニス系
[2021-05-06 23:45:58,342]-[DEBUG]-[予約日時取得・予約_ヘッドレス_v3.py]-[line:134]
submit
[2021-05-06 23:45:58,457]-[DEBUG]-[予約日時取得・予約_ヘッドレス_v3.py]-[line:136]
テニス（硬式）
[2021-05-06 23:45:58,744]-[DEBUG]-[予約日時取得・予約_ヘッドレス_v3.py]-[line:138]
submit
[2021-05-06 23:45:58,882]-[DEBUG]-[予約日時取得・予約_ヘッドレス_v3.py]-[line:140]
すべての地域
[2021-05-06 23:45:59,170]-[DEBUG]-[予約日時取得・予約_ヘッドレス_v3.py]-[line:142]
submit
[2021-05-06 23:45:59,408]-[DEBUG]-[予約日時取得・予約_ヘッドレス_v3.py]-[line:144]
上井草スポーツセンター
[2021-05-06 23:45:59,810]-[DEBUG]-[予約日時取得・予約_ヘッドレス_v3.py]-[line:146]
人工芝庭球場
[2021-05-06 23:46:02,231]-[INFO]-[予約日時取得・予約_ヘッドレス_v3.py]-[line:170]
予約希望日が見つかりました。
[2021-05-06 23:46:02,266]-[DEBUG]-[予約日時取得・予約_ヘッドレス_v3.py]-[line:186]
ページ内の空き枠情報
['6月6日', '××××××××', '6月7日', '××××××××', '6月8日', '×××1××××', '6月9日', '××××××××', '6月10日', '××××××××', '6月11日', '××××××××', '6月12日', '××××××××']
[2021-05-06 23:46:02,266]-[INFO]-[予約日時取得・予約_ヘッドレス_v3.py]-[line:188]
予約希望日の空き枠情報：6月8日×××1××××
[2021-05-06 23:46:02,267]-[INFO]-[予約日時取得・予約_ヘッドレス_v3.py]-[line:190]
予約希望日に空き枠を確認出来たため、8時30分まで待機します。
[2021-05-06 23:46:02,267]-[INFO]-[予約日時取得・予約_ヘッドレス_v3.py]-[line:196]
事前手続き実行時間：5.928762299999999
[2021-05-06 23:46:02,268]-[INFO]-[予約日時取得・予約_ヘッドレス_v3.py]-[line:274]
ブラウザを閉じます。
[2021-05-07 00:10:43,151]-[DEBUG]-[my_function.py]-[line:469]
------------------------------------------------------------
[2021-05-07 00:10:43,151]-[INFO]-[予約日時取得・予約_v3.py]-[line:46]
ブラウザを起動します。
[2021-05-07 00:10:49,852]-[INFO]-[予約日時取得・予約_v3.py]-[line:68]
ブラウザの起動が完了したため、Herokuサイトより情報を取得します。
[2021-05-07 00:10:52,779]-[DEBUG]-[予約日時取得・予約_v3.py]-[line:75]
ID入力
[2021-05-07 00:10:52,779]-[DEBUG]-[予約日時取得・予約_v3.py]-[line:76]
heroku_id：Nnp4It3q6A
[2021-05-07 00:10:52,808]-[DEBUG]-[予約日時取得・予約_v3.py]-[line:78]
PASS入力
[2021-05-07 00:10:52,808]-[DEBUG]-[予約日時取得・予約_v3.py]-[line:79]
heroku_pass：n2Q8rhK49d
[2021-05-07 00:10:55,144]-[DEBUG]-[予約日時取得・予約_v3.py]-[line:81]
submit
[2021-05-07 00:10:55,217]-[INFO]-[予約日時取得・予約_v3.py]-[line:87]
予約内容：['柏の宮公園庭球場', '人工芝庭球場Ａ面', '5月26日(水)', '11時00分〜13時00分', '5月7日(金)']
[2021-05-07 00:10:55,217]-[DEBUG]-[予約日時取得・予約_v3.py]-[line:99]
置換した日程：5月26日
[2021-05-07 00:10:55,217]-[DEBUG]-[予約日時取得・予約_v3.py]-[line:101]
置換した時間：11：00〜13：00
[2021-05-07 00:10:55,816]-[DEBUG]-[予約日時取得・予約_v3.py]-[line:107]
Herokuサイトから取得したさざんかねっとID：31273596
[2021-05-07 00:10:55,817]-[DEBUG]-[予約日時取得・予約_v3.py]-[line:109]
Herokuサイトから取得したさざんかねっとPASS：0727
[2021-05-07 00:10:55,817]-[INFO]-[予約日時取得・予約_v3.py]-[line:111]
Herokuサイトからの情報取得が完了したため、8時29分30秒まで待機します。
[2021-05-07 00:15:28,434]-[DEBUG]-[my_function.py]-[line:469]
------------------------------------------------------------
[2021-05-07 00:15:28,435]-[INFO]-[予約日時取得・予約_v3.py]-[line:46]
ブラウザを起動します。
[2021-05-07 00:15:32,419]-[INFO]-[予約日時取得・予約_v3.py]-[line:68]
ブラウザの起動が完了したため、Herokuサイトより情報を取得します。
[2021-05-07 00:15:36,331]-[DEBUG]-[予約日時取得・予約_v3.py]-[line:75]
ID入力
[2021-05-07 00:15:36,332]-[DEBUG]-[予約日時取得・予約_v3.py]-[line:76]
heroku_id：Nnp4It3q6A
[2021-05-07 00:15:36,353]-[DEBUG]-[予約日時取得・予約_v3.py]-[line:78]
PASS入力
[2021-05-07 00:15:36,354]-[DEBUG]-[予約日時取得・予約_v3.py]-[line:79]
heroku_pass：n2Q8rhK49d
[2021-05-07 00:15:40,449]-[DEBUG]-[予約日時取得・予約_v3.py]-[line:81]
submit
[2021-05-07 00:15:40,554]-[WARNING]-[予約日時取得・予約_v3.py]-[line:89]
予約指定が無いため、手続きを終了します。
[2021-05-07 00:15:40,555]-[INFO]-[予約日時取得・予約_v3.py]-[line:274]
ブラウザを閉じます。
